<?xml version="1.0" encoding="UTF-8"?>
<testng-results ignored="0" total="1" passed="1" failed="0" skipped="0">
  <reporter-output>
  </reporter-output>
  <suite started-at="2022-11-01T23:51:11 IST" name="Default suite" finished-at="2022-11-01T23:51:35 IST" duration-ms="23358">
    <groups>
    </groups>
    <test started-at="2022-11-01T23:51:11 IST" name="Default test" finished-at="2022-11-01T23:51:35 IST" duration-ms="23358">
      <class name="QaAssessment.MovieManiac.PageObjectMain">
        <test-method signature="searchAndCompareMovie()[pri:0, instance:QaAssessment.MovieManiac.PageObjectMain@55634720]" started-at="2022-11-01T23:51:11 IST" name="searchAndCompareMovie" finished-at="2022-11-01T23:51:35 IST" duration-ms="23318" status="PASS">
          <reporter-output>
          </reporter-output>
        </test-method> <!-- searchAndCompareMovie -->
      </class> <!-- QaAssessment.MovieManiac.PageObjectMain -->
    </test> <!-- Default test -->
  </suite> <!-- Default suite -->
</testng-results>
